<?xml version="1.0" encoding="UTF-8"?>
<!-- Generated by org.testng.reporters.JUnitXMLReporter -->
<testsuite hostname="DESKTOP-CHCDOMV" ignored="0" name="Test" tests="1" failures="1" timestamp="10 Jan 2020 12:48:05 GMT" time="44.055" errors="0">
  <testcase name="tc01" time="10.596" classname="testcases.LoginTestCase">
    <failure type="java.lang.AssertionError" message="expected [true] but found [false]">
      <![CDATA[java.lang.AssertionError: expected [true] but found [false]
	at testcases.LoginTestCase.tc01(LoginTestCase.java:25)
... Removed 29 stack frames]]>
    </failure>
  </testcase> <!-- tc01 -->
</testsuite> <!-- Test -->
